> Create symbol table (scope level 0)
func: main
> Insert `main` (addr: -1) to scope level 0
> Create symbol table (scope level 1)
INT_LIT 3
> Insert `x` (addr: 0) to scope level 1
FLOAT_LIT 3.140000
> Insert `y` (addr: 1) to scope level 1
> Insert `z1` (addr: 2) to scope level 1
> Insert `z2` (addr: 3) to scope level 1
IDENT (name=x, address=0)
IDENT (name=y, address=1)
f2i
ADD
ASSIGN
IDENT (name=x, address=0)
i2f
IDENT (name=y, address=1)
ADD
ASSIGN
IDENT (name=z1, address=2)
PRINTLN i32
IDENT (name=z2, address=3)
PRINTLN f32
IDENT (name=x, address=0)
FLOAT_LIT 6.280000
f2i
ADD
ASSIGN
INT_LIT 6
i2f
IDENT (name=y, address=1)
ADD
ASSIGN
IDENT (name=z1, address=2)
PRINTLN i32
IDENT (name=z2, address=3)
PRINTLN f32

> Dump symbol table (scope level: 1)
Index     Name      Mut       Type      Addr      Lineno    Func_sig  
0         x         0         i32       0         2         -         
1         y         0         f32       1         3         -         
2         z1        1         i32       2         4         -         
3         z2        1         f32       3         5         -         

> Dump symbol table (scope level: 0)
Index     Name      Mut       Type      Addr      Lineno    Func_sig  
0         main      -1        func      -1        1         (V)V      
Total lines: 14
